<?xml version="1.0" encoding="UTF-8"?>
<testng-results skipped="0" failed="0" total="1" passed="1">
  <reporter-output>
  </reporter-output>
  <suite name="com.javacodegeeks.testng.maven.TestNgMavenExampleTest" duration-ms="23" started-at="2019-06-20T05:35:57Z" finished-at="2019-06-20T05:35:57Z">
    <groups>
    </groups>
    <test name="Command line test" duration-ms="23" started-at="2019-06-20T05:35:57Z" finished-at="2019-06-20T05:35:57Z">
      <class name="com.javacodegeeks.testng.maven.TestNgMavenExampleTest">
        <test-method status="PASS" signature="exampleOfTestNgMaven()[pri:0, instance:com.javacodegeeks.testng.maven.TestNgMavenExampleTest@67b64c45]" name="exampleOfTestNgMaven" duration-ms="7" started-at="2019-06-20T11:05:57Z" finished-at="2019-06-20T11:05:57Z">
          <reporter-output>
          </reporter-output>
        </test-method> <!-- exampleOfTestNgMaven -->
      </class> <!-- com.javacodegeeks.testng.maven.TestNgMavenExampleTest -->
    </test> <!-- Command line test -->
  </suite> <!-- com.javacodegeeks.testng.maven.TestNgMavenExampleTest -->
</testng-results>
